SLURM_JOBID=\2995123
SLURM_JOBID=\2995124
SLURM_JOB_NODELIST=\r674
SLURM_JOBID=\2995127
SLURM_JOBID=\2995129
SLURM_JOB_NODELIST=\r107
SLURM_NNODES=\1
SLURM_JOBID=\2995120
SLURM_JOB_NODELIST=\r192
SLURM_JOB_NODELIST=\r234
SLURM_JOBID=\2995122
SLURM_NNODES=\1
SLURM_JOBID=\2995121
SLURMTMPDIR=\
SLURM_JOBID=\2995128
SLURM_JOBID=\2995125
SLURM_JOB_NODELIST=\r435
SLURM_NNODES=\1
SLURM_JOBID=\2995126
SLURM_NNODES=\1
SLURM_JOB_NODELIST=\r592
SLURMTMPDIR=\
SLURM_JOB_NODELIST=\r476
working directory = /pylon5/ms4s88p/javad/DataScienceCourse/LearningSlurm/ 
SLURM_JOB_NODELIST=\r233
SLURM_JOB_NODELIST=\r108
SLURM_NNODES=\1
SLURMTMPDIR=\
SLURM_JOB_NODELIST=\r191
SLURMTMPDIR=\
SLURM_NNODES=\1
working directory = /pylon5/ms4s88p/javad/DataScienceCourse/LearningSlurm/ 
SLURM_NNODES=\1
SLURM_NNODES=\1
SLURM_NNODES=\1
SLURMTMPDIR=\
working directory = /pylon5/ms4s88p/javad/DataScienceCourse/LearningSlurm/ 
SLURM_NNODES=\1
working directory = /pylon5/ms4s88p/javad/DataScienceCourse/LearningSlurm/ 
SLURMTMPDIR=\
SLURMTMPDIR=\
SLURMTMPDIR=\
SLURMTMPDIR=\
working directory = /pylon5/ms4s88p/javad/DataScienceCourse/LearningSlurm/ 
SLURMTMPDIR=\
working directory = /pylon5/ms4s88p/javad/DataScienceCourse/LearningSlurm/ 
working directory = /pylon5/ms4s88p/javad/DataScienceCourse/LearningSlurm/ 
working directory = /pylon5/ms4s88p/javad/DataScienceCourse/LearningSlurm/ 
working directory = /pylon5/ms4s88p/javad/DataScienceCourse/LearningSlurm/ 
working directory = /pylon5/ms4s88p/javad/DataScienceCourse/LearningSlurm/ 
chunck${$1}.out
chunk_10.csv
chunk_1.csv
chunk_2.csv
chunk_3.csv
chunk_4.csv
chunk_5.csv
chunk_6.csv
chunk_7.csv
chunk_8.csv
chunk_9.csv
chunk_.csv
Expected_value_chuncks.R
imgs
naive_Expected_value.R
readme.md
_rslurm_SVM
_rslurm_test_apply
rslurmTutorail.pdf
Single_Job.sh
Slurm_Options.csv
Test.R
chunck${$1}.out
chunk_10.csv
chunk_1.csv
chunk_2.csv
chunk_3.csv
chunk_4.csv
chunk_5.csv
chunk_6.csv
chunk_7.csv
chunk_8.csv
chunk_9.csv
chunk_.csv
Expected_value_chuncks.R
imgs
naive_Expected_value.R
readme.md
_rslurm_SVM
_rslurm_test_apply
rslurmTutorail.pdf
Single_Job.sh
Slurm_Options.csv
Test.R
chunck${$1}.out
chunk_10.csv
chunk_1.csv
chunk_2.csv
chunk_3.csv
chunk_4.csv
chunk_5.csv
chunk_6.csv
chunk_7.csv
chunk_8.csv
chunk_9.csv
chunk_.csv
Expected_value_chuncks.R
imgs
naive_Expected_value.R
readme.md
_rslurm_SVM
_rslurm_test_apply
rslurmTutorail.pdf
Single_Job.sh
Slurm_Options.csv
Test.R
chunck${$1}.out
chunk_10.csv
chunk_1.csv
chunk_2.csv
chunk_3.csv
chunk_4.csv
chunk_5.csv
chunk_6.csv
chunk_7.csv
chunk_8.csv
chunk_9.csv
chunk_.csv
Expected_value_chuncks.R
imgs
naive_Expected_value.R
readme.md
_rslurm_SVM
_rslurm_test_apply
rslurmTutorail.pdf
Single_Job.sh
Slurm_Options.csv
Test.R
chunck${$1}.out
chunk_10.csv
chunk_1.csv
chunk_2.csv
chunk_3.csv
chunk_4.csv
chunk_5.csv
chunk_6.csv
chunk_7.csv
chunk_8.csv
chunk_9.csv
chunk_.csv
Expected_value_chuncks.R
imgs
naive_Expected_value.R
readme.md
_rslurm_SVM
_rslurm_test_apply
rslurmTutorail.pdf
Single_Job.sh
Slurm_Options.csv
Test.R
chunck${$1}.out
chunk_10.csv
chunk_1.csv
chunk_2.csv
chunk_3.csv
chunk_4.csv
chunk_5.csv
chunk_6.csv
chunk_7.csv
chunk_8.csv
chunk_9.csv
chunk_.csv
Expected_value_chuncks.R
imgs
naive_Expected_value.R
readme.md
_rslurm_SVM
_rslurm_test_apply
rslurmTutorail.pdf
Single_Job.sh
Slurm_Options.csv
Test.R
chunck${$1}.out
chunk_10.csv
chunk_1.csv
chunk_2.csv
chunk_3.csv
chunk_4.csv
chunk_5.csv
chunk_6.csv
chunk_7.csv
chunk_8.csv
chunk_9.csv
chunk_.csv
Expected_value_chuncks.R
imgs
naive_Expected_value.R
readme.md
_rslurm_SVM
_rslurm_test_apply
rslurmTutorail.pdf
Single_Job.sh
Slurm_Options.csv
chunck${$1}.out
chunk_10.csv
chunk_1.csv
chunk_2.csv
chunk_3.csv
chunk_4.csv
chunk_5.csv
chunk_6.csv
chunk_7.csv
chunk_8.csv
chunk_9.csv
chunk_.csv
Expected_value_chuncks.R
imgs
naive_Expected_value.R
readme.md
_rslurm_SVM
_rslurm_test_apply
rslurmTutorail.pdf
Single_Job.sh
Slurm_Options.csv
Test.R
chunck${$1}.out
chunk_10.csv
chunk_1.csv
chunk_2.csv
chunk_3.csv
chunk_4.csv
chunk_5.csv
chunk_6.csv
chunk_7.csv
chunk_8.csv
chunk_9.csv
chunk_.csv
Expected_value_chuncks.R
imgs
naive_Expected_value.R
readme.md
_rslurm_SVM
_rslurm_test_apply
rslurmTutorail.pdf
Single_Job.sh
Slurm_Options.csv
Test.R
chunck${$1}.out
chunk_10.csv
chunk_1.csv
chunk_2.csv
chunk_3.csv
chunk_4.csv
chunk_5.csv
chunk_6.csv
chunk_7.csv
chunk_8.csv
chunk_9.csv
chunk_.csv
Expected_value_chuncks.R
imgs
naive_Expected_value.R
readme.md
_rslurm_SVM
_rslurm_test_apply
rslurmTutorail.pdf
Single_Job.sh
Slurm_Options.csv
Test.R
Test.R
/var/slurmd/job2995127/slurm_script: line 19: module: command not found
/var/slurmd/job2995126/slurm_script: line 19: module: command not found
WARNING: ignoring environment value of R_HOME
/var/slurmd/job2995120/slurm_script: line 19: module: command not found
WARNING: ignoring environment value of R_HOME
/var/slurmd/job2995129/slurm_script: line 19: module: command not found
/var/slurmd/job2995124/slurm_script: line 19: module: command not found
/var/slurmd/job2995121/slurm_script: line 19: module: command not found
/var/slurmd/job2995128/slurm_script: line 19: module: command not found
/var/slurmd/job2995125/slurm_script: line 19: module: command not found
WARNING: ignoring environment value of R_HOME
/var/slurmd/job2995122/slurm_script: line 19: module: command not found
WARNING: ignoring environment value of R_HOME
/var/slurmd/job2995123/slurm_script: line 19: module: command not found
WARNING: ignoring environment value of R_HOME
WARNING: ignoring environment value of R_HOME
WARNING: ignoring environment value of R_HOME
WARNING: ignoring environment value of R_HOME
WARNING: ignoring environment value of R_HOME
WARNING: ignoring environment value of R_HOME
Loading required package: methods
Loading required package: methods
Loading required package: methods
Loading required package: methods
Loading required package: methods
Loading required package: methods
Loading required package: methods
Loading required package: methods
Loading required package: methods
Loading required package: methods
[1] 0.004406954
[1] 0.006952676
[1] 0.001154879
Execution duration: 0h:0m:1s
Usage statistics for [2995129]:
All Done!
Execution duration: 0h:0m:1s
Usage statistics for [2995124]:
All Done!
Execution duration: 0h:0m:1s
Usage statistics for [2995123]:
All Done!
[1] -0.003606787
[1] -0.003422623
[1] 0.0004646997
Execution duration: 0h:0m:1s
Usage statistics for [2995120]:
All Done!
[1] -0.007097554
Execution duration: 0h:0m:1s
Usage statistics for [2995127]:
All Done!
Execution duration: 0h:0m:1s
Usage statistics for [2995126]:
All Done!
[1] -6.345573e-05
Execution duration: 0h:0m:1s
Usage statistics for [2995128]:
All Done!
[1] 0.002806113
Execution duration: 0h:0m:2s
Usage statistics for [2995125]:
All Done!
[1] -0.002878164
Execution duration: 0h:0m:2s
Usage statistics for [2995122]:
All Done!
Execution duration: 0h:0m:2s
Usage statistics for [2995121]:
All Done!
